c:\users\game130\desktop\つっぱり超相撲ver0.04\debug\vc140.pdb
c:\users\game130\desktop\つっぱり超相撲ver0.04\debug\vc140.idb
c:\users\game130\desktop\つっぱり超相撲ver0.04\debug\dohyo.obj
c:\users\game130\desktop\つっぱり超相撲ver0.04\debug\dohyocircle.obj
c:\users\game130\desktop\つっぱり超相撲ver0.04\debug\enemy.obj
c:\users\game130\desktop\つっぱり超相撲ver0.04\debug\fade.obj
c:\users\game130\desktop\つっぱり超相撲ver0.04\debug\game.obj
c:\users\game130\desktop\つっぱり超相撲ver0.04\debug\gauge.obj
c:\users\game130\desktop\つっぱり超相撲ver0.04\debug\input.obj
c:\users\game130\desktop\つっぱり超相撲ver0.04\debug\light.obj
c:\users\game130\desktop\つっぱり超相撲ver0.04\debug\main.obj
c:\users\game130\desktop\つっぱり超相撲ver0.04\debug\manager.obj
c:\users\game130\desktop\つっぱり超相撲ver0.04\debug\mask.obj
c:\users\game130\desktop\つっぱり超相撲ver0.04\debug\meshfield.obj
c:\users\game130\desktop\つっぱり超相撲ver0.04\debug\player.obj
c:\users\game130\desktop\つっぱり超相撲ver0.04\debug\renderer.obj
c:\users\game130\desktop\つっぱり超相撲ver0.04\debug\scene.obj
c:\users\game130\desktop\つっぱり超相撲ver0.04\debug\scene2d.obj
c:\users\game130\desktop\つっぱり超相撲ver0.04\debug\scene3d.obj
c:\users\game130\desktop\つっぱり超相撲ver0.04\debug\scenex.obj
c:\users\game130\desktop\つっぱり超相撲ver0.04\debug\shadow.obj
c:\users\game130\desktop\つっぱり超相撲ver0.04\debug\battlesystem.obj
c:\users\game130\desktop\つっぱり超相撲ver0.04\debug\billboard.obj
c:\users\game130\desktop\つっぱり超相撲ver0.04\debug\bullet.obj
c:\users\game130\desktop\つっぱり超相撲ver0.04\debug\camera.obj
c:\users\game130\desktop\つっぱり超相撲ver0.04\debug\charactermove.obj
c:\users\game130\desktop\つっぱり超相撲ver0.04\debug\customer.obj
c:\users\game130\desktop\つっぱり超相撲ver0.04\debug\debugproc.obj
c:\users\game130\desktop\つっぱり超相撲ver0.04\debug\effect.obj
c:\users\game130\desktop\つっぱり超相撲ver0.04\つっぱり超相撲.pdb
c:\users\game130\desktop\つっぱり超相撲ver0.04\debug\つっぱり超相撲.tlog\cl.command.1.tlog
c:\users\game130\desktop\つっぱり超相撲ver0.04\debug\つっぱり超相撲.tlog\cl.read.1.tlog
c:\users\game130\desktop\つっぱり超相撲ver0.04\debug\つっぱり超相撲.tlog\cl.write.1.tlog
c:\users\game130\desktop\つっぱり超相撲ver0.04\debug\つっぱり超相撲.tlog\link.9252-cvtres.read.1.tlog
c:\users\game130\desktop\つっぱり超相撲ver0.04\debug\つっぱり超相撲.tlog\link.9252-cvtres.write.1.tlog
c:\users\game130\desktop\つっぱり超相撲ver0.04\debug\つっぱり超相撲.tlog\link.9252-rc.read.1.tlog
c:\users\game130\desktop\つっぱり超相撲ver0.04\debug\つっぱり超相撲.tlog\link.9252-rc.write.1.tlog
c:\users\game130\desktop\つっぱり超相撲ver0.04\debug\つっぱり超相撲.tlog\link.9252.read.1.tlog
c:\users\game130\desktop\つっぱり超相撲ver0.04\debug\つっぱり超相撲.tlog\link.9252.write.1.tlog
c:\users\game130\desktop\つっぱり超相撲ver0.04\debug\つっぱり超相撲.tlog\link.command.1.tlog
c:\users\game130\desktop\つっぱり超相撲ver0.04\debug\つっぱり超相撲.tlog\link.read.1.tlog
c:\users\game130\desktop\つっぱり超相撲ver0.04\debug\つっぱり超相撲.tlog\link.write.1.tlog
