c:\users\game130\desktop\つっぱり超相撲ver0.11\debug\vc140.pdb
c:\users\game130\desktop\つっぱり超相撲ver0.11\debug\vc140.idb
c:\users\game130\desktop\つっぱり超相撲ver0.11\debug\main.obj
c:\users\game130\desktop\つっぱり超相撲ver0.11\debug\manager.obj
c:\users\game130\desktop\つっぱり超相撲ver0.11\debug\mask.obj
c:\users\game130\desktop\つっぱり超相撲ver0.11\debug\meshfield.obj
c:\users\game130\desktop\つっぱり超相撲ver0.11\debug\newsbg.obj
c:\users\game130\desktop\つっぱり超相撲ver0.11\debug\newscaster.obj
c:\users\game130\desktop\つっぱり超相撲ver0.11\debug\numplayer.obj
c:\users\game130\desktop\つっぱり超相撲ver0.11\debug\player.obj
c:\users\game130\desktop\つっぱり超相撲ver0.11\debug\renderer.obj
c:\users\game130\desktop\つっぱり超相撲ver0.11\debug\scene.obj
c:\users\game130\desktop\つっぱり超相撲ver0.11\debug\scene2d.obj
c:\users\game130\desktop\つっぱり超相撲ver0.11\debug\scene3d.obj
c:\users\game130\desktop\つっぱり超相撲ver0.11\debug\scenex.obj
c:\users\game130\desktop\つっぱり超相撲ver0.11\debug\shadow.obj
c:\users\game130\desktop\つっぱり超相撲ver0.11\debug\sound.obj
c:\users\game130\desktop\つっぱり超相撲ver0.11\debug\time.obj
c:\users\game130\desktop\つっぱり超相撲ver0.11\debug\title.obj
c:\users\game130\desktop\つっぱり超相撲ver0.11\debug\touzai.obj
c:\users\game130\desktop\つっぱり超相撲ver0.11\debug\tuppari.obj
c:\users\game130\desktop\つっぱり超相撲ver0.11\debug\wall.obj
c:\users\game130\desktop\つっぱり超相撲ver0.11\debug\animation.obj
c:\users\game130\desktop\つっぱり超相撲ver0.11\debug\battlesystem.obj
c:\users\game130\desktop\つっぱり超相撲ver0.11\debug\billboard.obj
c:\users\game130\desktop\つっぱり超相撲ver0.11\debug\camera.obj
c:\users\game130\desktop\つっぱり超相撲ver0.11\debug\charactermove.obj
c:\users\game130\desktop\つっぱり超相撲ver0.11\debug\customer.obj
c:\users\game130\desktop\つっぱり超相撲ver0.11\debug\debugproc.obj
c:\users\game130\desktop\つっぱり超相撲ver0.11\debug\dohyo.obj
c:\users\game130\desktop\つっぱり超相撲ver0.11\debug\dohyocircle.obj
c:\users\game130\desktop\つっぱり超相撲ver0.11\debug\effect.obj
c:\users\game130\desktop\つっぱり超相撲ver0.11\debug\enemy.obj
c:\users\game130\desktop\つっぱり超相撲ver0.11\debug\fade.obj
c:\users\game130\desktop\つっぱり超相撲ver0.11\debug\field.obj
c:\users\game130\desktop\つっぱり超相撲ver0.11\debug\game.obj
c:\users\game130\desktop\つっぱり超相撲ver0.11\debug\gauge.obj
c:\users\game130\desktop\つっぱり超相撲ver0.11\debug\input.obj
c:\users\game130\desktop\つっぱり超相撲ver0.11\debug\jankenui.obj
c:\users\game130\desktop\つっぱり超相撲ver0.11\debug\light.obj
c:\users\game130\desktop\つっぱり超相撲ver0.11\debug\load.obj
c:\users\game130\desktop\つっぱり超相撲ver0.11\debug\logo.obj
c:\users\game130\desktop\つっぱり超相撲ver0.11\つっぱり超相撲.ilk
c:\users\game130\desktop\つっぱり超相撲ver0.11\つっぱり超相撲.exe
c:\users\game130\desktop\つっぱり超相撲ver0.11\つっぱり超相撲.pdb
c:\users\game130\desktop\つっぱり超相撲ver0.11\debug\bullet.obj
c:\users\game130\desktop\つっぱり超相撲ver0.11\debug\つっぱり超相撲.tlog\cl.command.1.tlog
c:\users\game130\desktop\つっぱり超相撲ver0.11\debug\つっぱり超相撲.tlog\cl.read.1.tlog
c:\users\game130\desktop\つっぱり超相撲ver0.11\debug\つっぱり超相撲.tlog\cl.write.1.tlog
c:\users\game130\desktop\つっぱり超相撲ver0.11\debug\つっぱり超相撲.tlog\link.command.1.tlog
c:\users\game130\desktop\つっぱり超相撲ver0.11\debug\つっぱり超相撲.tlog\link.read.1.tlog
c:\users\game130\desktop\つっぱり超相撲ver0.11\debug\つっぱり超相撲.tlog\link.write.1.tlog
