  shadow.cpp
  sceneX.cpp
  scene3D.cpp
  scene2D.cpp
  scene.cpp
  renderer.cpp
  player.cpp
  meshField.cpp
  mask.cpp
  manager.cpp
  main.cpp
  light.cpp
  input.cpp
  game.cpp
  fade.cpp
  enemy.cpp
  dohyocircle.cpp
  dohyo.cpp
  debugProc.cpp
  customer.cpp
  コードを生成中...
  コンパイル中...
  characterMove.cpp
  camera.cpp
  bullet.cpp
  billboard.cpp
  BattleSystem.cpp
  コードを生成中...
  つっぱり超相撲.vcxproj -> C:\Users\game133\Desktop\ウォークスルー\つっぱり超相撲.exe
  つっぱり超相撲.vcxproj -> C:\Users\game133\Desktop\ウォークスルー\つっぱり超相撲.pdb (Full PDB)
