  shadow.cpp
  sceneX.cpp
  scene3D.cpp
  scene2D.cpp
  scene.cpp
  renderer.cpp
  player.cpp
  meshField.cpp
  mask.cpp
  manager.cpp
  main.cpp
  light.cpp
  input.cpp
  enemy.cpp
  dohyo.cpp
  debugProc.cpp
  camera.cpp
  bullet.cpp
  billboard.cpp
  BattleSystem.cpp
  コードを生成中...
  LINK : 前回のインクリメンタル リンクで C:\Users\game126\Documents\GitHub\TEAM_E_Ver.2\つっぱり超相撲ver0.02\つっぱり超相撲.exe が見つからなかったか、ビルドされませんでした。フル リンクを行います。
  つっぱり超相撲.vcxproj -> C:\Users\game126\Documents\GitHub\TEAM_E_Ver.2\つっぱり超相撲ver0.02\つっぱり超相撲.exe
  つっぱり超相撲.vcxproj -> C:\Users\game126\Documents\GitHub\TEAM_E_Ver.2\つっぱり超相撲ver0.02\つっぱり超相撲.pdb (Full PDB)
