  wall.cpp
  ultimate.cpp
  tuppari.cpp
  touzai.cpp
  title.cpp
  time.cpp
  sound.cpp
  shadow.cpp
  sceneX.cpp
  scene3D.cpp
  scene2D.cpp
  scene.cpp
  SansoGauge.cpp
  result.cpp
  renderer.cpp
  player.cpp
  particleX.cpp
  numPlayer.cpp
  newsCaster.cpp
  newsBG.cpp
  コードを生成中...
  コンパイル中...
  model.cpp
  meshField.cpp
  mask.cpp
  manager.cpp
  main.cpp
  logo.cpp
  load.cpp
  light.cpp
  jankenUI.cpp
  input.cpp
  gauge.cpp
  game.cpp
  field.cpp
  fade.cpp
  enemy.cpp
  effect3D.cpp
  effect.cpp
  dohyocircle.cpp
  dohyo.cpp
  debugProc.cpp
  コードを生成中...
  コンパイル中...
  customer.cpp
  characterMove.cpp
  camera.cpp
  billboard.cpp
  BattleSystem.cpp
  Banimation.cpp
  animation.cpp
  コードを生成中...
  つっぱり超相撲.vcxproj -> C:\Users\game130\Desktop\つっぱり超相撲a版\つっぱり超相撲.exe
  つっぱり超相撲.vcxproj -> C:\Users\game130\Desktop\つっぱり超相撲a版\つっぱり超相撲.pdb (Full PDB)
