  billboard.cpp
  bullet.cpp
  camera.cpp
  debugProc.cpp
  input.cpp
  light.cpp
  main.cpp
  manager.cpp
  mask.cpp
  meshField.cpp
  player.cpp
  renderer.cpp
  scene.cpp
  scene2D.cpp
  scene3D.cpp
  sceneX.cpp
  shadow.cpp
  コード生成しています。
  All 175 functions were compiled because no usable IPDB/IOBJ from previous compilation was found.
  コード生成が終了しました。
  つっぱり超相撲.vcxproj -> c:\users\game126\documents\visual studio 2015\Projects\つっぱり超相撲\つっぱり超相撲.exe
  つっぱり超相撲.vcxproj -> c:\users\game126\documents\visual studio 2015\Projects\つっぱり超相撲\つっぱり超相撲.pdb (Full PDB)
